Removed Pin From Net: NetName=+3.3V Pin=D5-1
Removed Pin From Net: NetName=LED0 Pin=D5-2
Removed Pin From Net: NetName=LED1 Pin=D5-3
Removed Pin From Net: NetName=LED2 Pin=D5-4
Removed Pin From Net: NetName=NetC19_2 Pin=D5-5
Removed Pin From Net: NetName=NetC20_2 Pin=D5-6
Removed Pin From Net: NetName=NetC18_2 Pin=D5-7
Removed Pin From Net: NetName=+5V Pin=D5-8
Removed Pin From Net: NetName=NetC15_2 Pin=D5-9
Removed Pin From Net: NetName=ADC1-IN1 Pin=D5-10
Removed Pin From Net: NetName=ADC1-IN2 Pin=D5-11
Removed Pin From Net: NetName=ADC1-IN3 Pin=D5-12
Removed Pin From Net: NetName=ADC1-IN4 Pin=D5-13
Removed Pin From Net: NetName=ADC2-IN1 Pin=D5-14
Removed Pin From Net: NetName=ADC2-IN2 Pin=D5-15
Removed Pin From Net: NetName=ADC2-IN3 Pin=D5-16
Removed Pin From Net: NetName=ADC2-IN4 Pin=D5-17
Removed Pin From Net: NetName=HRPWM-SYNCO Pin=D5-19
Removed Pin From Net: NetName=HRPWM-SYNCI Pin=D5-20
Removed Pin From Net: NetName=UART2-TX-HMI Pin=D5-21
Removed Pin From Net: NetName=UART2-RX-HMI Pin=D5-22
Removed Pin From Net: NetName=+5V Pin=D5-23
Removed Pin From Net: NetName=+3.3V Pin=D5-24
Removed Pin From Net: NetName=HRPWM-CHC1 Pin=D5-25
Removed Pin From Net: NetName=HRPWM-CHC2 Pin=D5-26
Removed Pin From Net: NetName=HRPWM-CHD1 Pin=D5-27
Removed Pin From Net: NetName=HRPWM-CHD2 Pin=D5-28
Removed Pin From Net: NetName=HRPWM-CHA1 Pin=D5-29
Removed Pin From Net: NetName=HRPWM-CHA2 Pin=D5-30
Removed Pin From Net: NetName=FPGA-CLOCK Pin=D5-31
Removed Pin From Net: NetName=CAN-RX Pin=D5-32
Removed Pin From Net: NetName=CAN-TX Pin=D5-33
Removed Pin From Net: NetName=+5V Pin=D5-35
Removed Pin From Net: NetName=+3.3V Pin=D5-36
Removed Pin From Net: NetName=I/O2 Pin=D5-38
Removed Pin From Net: NetName=UART2-TX-WIFI Pin=D5-39
Removed Pin From Net: NetName=UART2-RX-WIFI Pin=D5-40
Removed Pin From Net: NetName=I/O1 Pin=D5-41
Removed Pin From Net: NetName=UART1-TX-DEBUG Pin=D5-42
Removed Pin From Net: NetName=UART1-RX-DEBUG Pin=D5-43
Removed Pin From Net: NetName=I2C1-SCL Pin=D5-45
Removed Pin From Net: NetName=I2C1-SDA Pin=D5-46
Removed Pin From Net: NetName=+5V Pin=D5-47
Removed Pin From Net: NetName=+3.3V Pin=D5-48
Removed Member From Class: ClassName=ControllerDSP Member=D5
Added Component: Designator=D6(48-LQFP)
Add component. Clean all parameters for all variants
Add component (AddParameter): Name = "ComponentType"; Value = "IC microcontroller"; VariantName = "[No Variations]"
Add component (AddParameter): Name = "CoreProcessor"; Value = "Cortex-M4"; VariantName = "[No Variations]"
Add component (AddParameter): Name = "CoreSize"; Value = "32-Bit"; VariantName = "[No Variations]"
Add component (AddParameter): Name = "HelpURL"; Value = "https://www.digikey.com/products/en?keywords=STM32F334C4T6"; VariantName = "[No Variations]"
Add component (AddParameter): Name = "Manufacturer"; Value = "STMicroelectronics"; VariantName = "[No Variations]"
Add component (AddParameter): Name = "MemoryRAM"; Value = "12KB"; VariantName = "[No Variations]"
Add component (AddParameter): Name = "MemoryROM"; Value = "16KB"; VariantName = "[No Variations]"
Add component (AddParameter): Name = "Package"; Value = "48-LQFP"; VariantName = "[No Variations]"
Add component (AddParameter): Name = "PartNumber"; Value = "STM32F334C4T6"; VariantName = "[No Variations]"
Add component (AddParameter): Name = "Speed"; Value = "72MHz"; VariantName = "[No Variations]"
Add component (AddParameter): Name = "Supply"; Value = "2...3.6V"; VariantName = "[No Variations]"
Add component (AddParameter): Name = "Temperature"; Value = "-40...+85°C"; VariantName = "[No Variations]"
Add component (AddParameter): Name = "ValueManufacturerPartNumber"; Value = "IC microcontroller, 32-Bit, Cortex-M4, 72MHz, 16KB, 12KB, 2...3.6V, -40...+85°C, 48-LQFP"; VariantName = "[No Variations]"
Added Pin To Net: NetName=CAN-TX Pin=D1-1
Added Pin To Net: NetName=CAN-RX Pin=D1-4
Added Pin To Net: NetName=+3.3V Pin=D6-1
Added Pin To Net: NetName=LED0 Pin=D6-2
Added Pin To Net: NetName=LED1 Pin=D6-3
Added Pin To Net: NetName=LED2 Pin=D6-4
Added Pin To Net: NetName=NetC19_2 Pin=D6-6
Added Pin To Net: NetName=ADC1-IN1 Pin=D6-10
Added Pin To Net: NetName=ADC1-IN2 Pin=D6-11
Added Pin To Net: NetName=ADC1-IN3 Pin=D6-12
Added Pin To Net: NetName=ADC1-IN4 Pin=D6-13
Added Pin To Net: NetName=ADC2-IN1 Pin=D6-14
Added Pin To Net: NetName=ADC2-IN2 Pin=D6-15
Added Pin To Net: NetName=ADC2-IN3 Pin=D6-16
Added Pin To Net: NetName=ADC2-IN4 Pin=D6-17
Added Pin To Net: NetName=HRPWM-SYNCO Pin=D6-19
Added Pin To Net: NetName=HRPWM-SYNCI Pin=D6-20
Added Pin To Net: NetName=UART2-RX-HMI Pin=D6-21
Added Pin To Net: NetName=HRPWM-CHC1 Pin=D6-22
Added Pin To Net: NetName=+5V Pin=D6-23
Added Pin To Net: NetName=HRPWM-CHC2 Pin=D6-25
Added Pin To Net: NetName=HRPWM-CHD1 Pin=D6-26
Added Pin To Net: NetName=HRPWM-CHD2 Pin=D6-27
Added Pin To Net: NetName=HRPWM-CHA1 Pin=D6-29
Added Pin To Net: NetName=HRPWM-CHA2 Pin=D6-30
Added Pin To Net: NetName=FPGA-CLOCK Pin=D6-31
Added Pin To Net: NetName=+5V Pin=D6-35
Added Pin To Net: NetName=+3.3V Pin=D6-36
Added Pin To Net: NetName=I/O2 Pin=D6-38
Added Pin To Net: NetName=UART2-RX-WIFI Pin=D6-39
Added Pin To Net: NetName=I/O1 Pin=D6-40
Added Pin To Net: NetName=UART1-TX-DEBUG Pin=D6-41
Added Pin To Net: NetName=UART1-RX-DEBUG Pin=D6-42
Added Pin To Net: NetName=I2C1-SCL Pin=D6-43
Added Pin To Net: NetName=NetC18_2 Pin=D6-44
Added Pin To Net: NetName=I2C1-SDA Pin=D6-45
Added Pin To Net: NetName=UART2-TX-HMI Pin=D6-46
Added Pin To Net: NetName=+5V Pin=D6-47
Added Pin To Net: NetName=+3.3V Pin=D6-48
Added Pin To Net: NetName=UART2-TX-WIFI Pin=D15-40
Added Pin To Net: NetName=NetD6_34 Pin=D6-34
Added Pin To Net: NetName=NetD6_34 Pin=X3-2
Added Net: Name=NetD6_34
Added Pin To Net: NetName=NetD6_37 Pin=D6-37
Added Pin To Net: NetName=NetD6_37 Pin=X3-3
Added Net: Name=NetD6_37
Added Member To Class: ClassName=ControllerDSP Member=Component D6 IC logic buffer, 1.65...5.5V, -40...+125°C, SC-70-6
Added Room: Name=CanAndSupply
Added Room: Name=ControllerDSP
Added Room: Name=ProtectionADC
Added Room: Name=ProtectionCPLD
Added Room: Name=WiFi
