Removed Pin From Net: NetName=+5V Pin=C2-2
Removed Pin From Net: NetName=+5V Pin=C5-2
Removed Pin From Net: NetName=+5V Pin=C8-2
Removed Pin From Net: NetName=+5V Pin=D2-1
Removed Pin From Net: NetName=+5V Pin=D2-4
Removed Pin From Net: NetName=+5V Pin=D3-1
Removed Pin From Net: NetName=+5V Pin=D3-4
Removed Pin From Net: NetName=+5V Pin=D4-1
Removed Pin From Net: NetName=+5V Pin=D4-3
Removed Pin From Net: NetName=+5V Pin=X1-28
Removed Pin From Net: NetName=+5V Pin=X1-29
Added Pin To Net: NetName=+5V Pin=C22-1
Added Pin To Net: NetName=+5V Pin=VD5-1
Change Net Name : Old Net Name=+5V New Net Name=GND
Added Pin To Net: NetName=+5V Pin=C2-2
Added Pin To Net: NetName=+5V Pin=C5-2
Added Pin To Net: NetName=+5V Pin=C8-2
Added Pin To Net: NetName=+5V Pin=D2-1
Added Pin To Net: NetName=+5V Pin=D2-4
Added Pin To Net: NetName=+5V Pin=D3-1
Added Pin To Net: NetName=+5V Pin=D3-4
Added Pin To Net: NetName=+5V Pin=D4-1
Added Pin To Net: NetName=+5V Pin=D4-3
Added Pin To Net: NetName=+5V Pin=X1-28
Added Pin To Net: NetName=+5V Pin=X1-29
Added Net: Name=+5V
